{
    "gameModeName": "1v1",
    "playerNames": [
        "Dyukusi"
    ],
    "matchLogs": [
        {
            "unixTime": 1550378454,
            "mmr": 4064
        },
        {
            "unixTime": 1550378547,
            "mmr": 4064
        },
        {
            "unixTime": 1550378696,
            "mmr": 4064
        },
        {
            "unixTime": 1550378931,
            "mmr": 3987
        },
        {
            "unixTime": 1550379938,
            "mmr": 4048
        },
        {
            "unixTime": 1550380902,
            "mmr": 4048
        },
        {
            "unixTime": 1550382469,
            "mmr": 3972
        },
        {
            "unixTime": 1550382971,
            "mmr": 3942
        },
        {
            "unixTime": 1550383844,
            "mmr": 3912
        },
        {
            "unixTime": 1550383974,
            "mmr": 3877
        },
        {
            "unixTime": 1550384417,
            "mmr": 3840
        },
        {
            "unixTime": 1550384875,
            "mmr": 3805
        }
    ]
}